********************************************************************************
DUPLICATOR-LITE PACKAGE-LOG: October 14, 2018 4:42 am
NOTICE: Do NOT post to public sites or forums 
********************************************************************************
VERSION:	1.2.48
WORDPRESS:	4.9.8
PHP INFO:	7.2.8 | SAPI: apache2handler
SERVER:		Apache/2.2.34 (Unix) mod_wsgi/3.5 Python/2.7.13 PHP/7.2.8 mod_ssl/2.2.34 OpenSSL/1.0.2o DAV/2 mod_fastcgi/mod_fastcgi-SNAP-0910052141 mod_perl/2.0.9 Perl/v5.24.0 
PHP TIME LIMIT: (0) no time limit imposed 
PHP MAX MEMORY: 2048M (128M default) 
MEMORY STACK: 18.25MB 

********************************************************************************
DATABASE:
********************************************************************************
BUILD MODE:   PHP(query limit - 100)
MYSQLTIMEOUT: 5000
MYSQLDUMP:    Not Supported 
TABLES: total:15 | filtered:0 | create:15 
FILTERED: [] 
SQL CREATED: 20181013_loganclinic_4551f9fb0a0ff3fd1849_20181014044207_database.sql 
SQL FILE SIZE: 248.67KB (254636) 
SQL FILE TIME: 2018-10-14 04:43:00 
SQL RUNTIME: 0.41 sec. 

******************************************************************************** 
ARCHIVE (ZIP): 
******************************************************************************** 
ARCHIVE DIR:  /Users/kaitlynnoone/Sites/loganclinic 
ARCHIVE FILE: 20181013_loganclinic_4551f9fb0a0ff3fd1849_20181014044207_archive.zip 
FILTERS: *OFF* 
DIRS:
	not set 
FILES:
	not set 
EXTS:  not set 
---------------------------------------- 
COMPRESSING 
SIZE:	315.16MB 
STATS:	Dirs 7,432 | Files 49,478 
SQL ADDED: 20181013_loganclinic_4551f9fb0a0ff3fd1849_20181014044207_database.sql 
ZipArchive Object
(
    [status] => 0
    [statusSys] => 0
    [numFiles] => 56910
    [filename] => /Users/kaitlynnoone/Sites/loganclinic/wp-snapshots/tmp/20181013_loganclinic_4551f9fb0a0ff3fd1849_20181014044207_archive.zip
    [comment] => 
)
 
COMPRESSION RESULT: '1' 
COMPRESSED SIZE: 107.54MB 
ARCHIVE RUNTIME: 204.41 sec. 
MEMORY STACK: 35.12MB 

******************************************************************************** 
MAKE INSTALLER: 
******************************************************************************** 
Build Start 
Build Finished 
Preparing for use 
PACK SIZE:  
Template parsed with new data 
Complete [/Users/kaitlynnoone/Sites/loganclinic/wp-snapshots/tmp/20181013_loganclinic_4551f9fb0a0ff3fd1849_20181014044207_installer.php] 
Added to archive 

******************************************************************************** 
INTEGRITY CHECKS: 
******************************************************************************** 
SQL File: 248.67KB 
Installer File: 474.17KB 
Archive File: 107.54MB  

********************************************************************************
RECORD ID:[1]
TOTAL PROCESS RUNTIME: 228.85 sec.
PEAK PHP MEMORY USED: 35.12MB
DONE PROCESSING => 20181013_loganclinic October 14, 2018 4:46 am
 
